mode: set
redditclone/pkg/generator/generator.go:10.51,13.30 2 0
redditclone/pkg/generator/generator.go:13.30,15.17 2 0
redditclone/pkg/generator/generator.go:15.17,17.4 1 0
redditclone/pkg/generator/generator.go:18.3,18.44 1 0
redditclone/pkg/generator/generator.go:21.2,21.28 1 0
redditclone/cmd/redditclone/main.go:10.13,32.2 13 0
redditclone/cmd/redditclone/service.go:33.26,35.16 2 0
redditclone/cmd/redditclone/service.go:35.16,37.3 1 0
redditclone/cmd/redditclone/service.go:38.2,38.34 1 0
redditclone/cmd/redditclone/service.go:38.34,40.3 1 0
redditclone/cmd/redditclone/service.go:41.2,41.41 1 0
redditclone/cmd/redditclone/service.go:41.41,43.3 1 0
redditclone/cmd/redditclone/service.go:44.2,44.11 1 0
redditclone/cmd/redditclone/service.go:47.34,50.16 3 0
redditclone/cmd/redditclone/service.go:50.16,52.3 1 0
redditclone/cmd/redditclone/service.go:53.2,53.32 1 0
redditclone/cmd/redditclone/service.go:56.21,57.35 1 0
redditclone/cmd/redditclone/service.go:57.35,59.3 1 0
redditclone/cmd/redditclone/service.go:62.32,65.2 2 0
redditclone/cmd/redditclone/service.go:67.37,82.32 2 0
redditclone/cmd/redditclone/service.go:82.32,83.43 1 0
redditclone/cmd/redditclone/service.go:83.43,85.4 1 0
redditclone/cmd/redditclone/service.go:87.2,87.12 1 0
redditclone/cmd/redditclone/service.go:91.92,115.2 16 0
redditclone/cmd/redditclone/service.go:118.38,121.2 2 0
redditclone/cmd/redditclone/service.go:123.35,124.77 1 0
redditclone/cmd/redditclone/service.go:124.77,125.90 1 0
redditclone/cmd/redditclone/service.go:125.90,130.4 4 0
redditclone/cmd/redditclone/service.go:131.3,131.49 1 0
redditclone/cmd/redditclone/service.go:136.33,138.56 2 0
redditclone/cmd/redditclone/service.go:138.56,140.3 1 0
redditclone/pkg/middleware/jwt.go:31.87,32.46 1 0
redditclone/pkg/middleware/jwt.go:32.46,33.72 1 0
redditclone/pkg/middleware/jwt.go:33.72,37.18 3 0
redditclone/pkg/middleware/jwt.go:37.18,40.5 2 0
redditclone/pkg/middleware/jwt.go:42.4,42.68 1 0
redditclone/pkg/middleware/jwt.go:42.68,45.5 2 0
redditclone/pkg/middleware/jwt.go:47.4,48.57 2 0
redditclone/pkg/middleware/jwt.go:48.57,51.5 2 0
redditclone/pkg/middleware/jwt.go:53.4,55.68 2 0
redditclone/pkg/middleware/jwt.go:55.68,57.39 2 0
redditclone/pkg/middleware/jwt.go:57.39,60.6 2 0
redditclone/pkg/middleware/jwt.go:61.5,62.34 2 0
redditclone/pkg/middleware/jwt.go:65.4,68.68 3 0
redditclone/pkg/middleware/jwt.go:68.68,72.5 3 0
redditclone/pkg/middleware/jwt.go:74.4,75.25 2 0
redditclone/pkg/middleware/jwt.go:75.25,79.5 3 0
redditclone/pkg/middleware/jwt.go:81.4,82.41 2 0
redditclone/pkg/middleware/panic.go:9.44,10.71 1 0
redditclone/pkg/middleware/panic.go:10.71,11.16 1 0
redditclone/pkg/middleware/panic.go:11.16,12.36 1 0
redditclone/pkg/middleware/panic.go:12.36,15.5 2 0
redditclone/pkg/middleware/panic.go:17.3,17.23 1 0
redditclone/pkg/handlers/post.go:19.81,24.2 1 1
redditclone/pkg/handlers/post.go:26.75,28.2 1 0
redditclone/pkg/handlers/post.go:30.74,34.65 3 1
redditclone/pkg/handlers/post.go:34.65,38.3 3 1
redditclone/pkg/handlers/post.go:40.2,41.52 2 1
redditclone/pkg/handlers/post.go:41.52,43.3 1 1
redditclone/pkg/handlers/post.go:45.2,46.16 2 1
redditclone/pkg/handlers/post.go:46.16,49.3 2 1
redditclone/pkg/handlers/post.go:51.2,51.44 1 1
redditclone/pkg/handlers/post.go:51.44,53.3 1 1
redditclone/pkg/handlers/post.go:56.75,60.30 3 1
redditclone/pkg/handlers/post.go:60.30,63.3 2 1
redditclone/pkg/handlers/post.go:65.2,66.16 2 1
redditclone/pkg/handlers/post.go:66.16,69.3 2 1
redditclone/pkg/handlers/post.go:71.2,71.30 1 1
redditclone/pkg/handlers/post.go:74.74,80.30 4 1
redditclone/pkg/handlers/post.go:80.30,83.3 2 1
redditclone/pkg/handlers/post.go:85.2,86.65 2 1
redditclone/pkg/handlers/post.go:86.65,90.3 3 1
redditclone/pkg/handlers/post.go:92.2,93.48 2 1
redditclone/pkg/handlers/post.go:93.48,95.3 1 1
redditclone/pkg/handlers/post.go:97.2,98.16 2 1
redditclone/pkg/handlers/post.go:98.16,102.3 3 1
redditclone/pkg/handlers/post.go:104.2,104.44 1 1
redditclone/pkg/handlers/post.go:104.44,106.3 1 1
redditclone/pkg/handlers/post.go:109.77,113.10 3 1
redditclone/pkg/handlers/post.go:113.10,116.3 2 1
redditclone/pkg/handlers/post.go:118.2,119.10 2 1
redditclone/pkg/handlers/post.go:119.10,122.3 2 1
redditclone/pkg/handlers/post.go:124.2,125.16 2 1
redditclone/pkg/handlers/post.go:125.16,128.3 2 1
redditclone/pkg/handlers/post.go:130.2,130.44 1 1
redditclone/pkg/handlers/post.go:130.44,132.3 1 1
redditclone/pkg/handlers/post.go:135.74,139.9 3 1
redditclone/pkg/handlers/post.go:139.9,142.3 2 1
redditclone/pkg/handlers/post.go:144.2,144.49 1 1
redditclone/pkg/handlers/post.go:144.49,147.3 2 1
redditclone/pkg/handlers/post.go:149.2,149.62 1 1
redditclone/pkg/handlers/post.go:149.62,151.3 1 1
redditclone/pkg/handlers/post.go:154.71,158.10 3 1
redditclone/pkg/handlers/post.go:158.10,161.3 2 1
redditclone/pkg/handlers/post.go:163.2,164.10 2 1
redditclone/pkg/handlers/post.go:164.10,167.3 2 1
redditclone/pkg/handlers/post.go:169.2,170.48 2 1
redditclone/pkg/handlers/post.go:170.48,172.3 1 1
redditclone/pkg/handlers/post.go:174.2,175.16 2 1
redditclone/pkg/handlers/post.go:175.16,178.3 2 1
redditclone/pkg/handlers/post.go:180.2,180.44 1 1
redditclone/pkg/handlers/post.go:180.44,182.3 1 1
redditclone/pkg/handlers/post.go:185.78,189.9 3 1
redditclone/pkg/handlers/post.go:189.9,192.3 2 1
redditclone/pkg/handlers/post.go:194.2,196.31 2 1
redditclone/pkg/handlers/post.go:199.82,203.9 3 1
redditclone/pkg/handlers/post.go:203.9,206.3 2 1
redditclone/pkg/handlers/post.go:208.2,210.31 2 1
redditclone/pkg/handlers/post.go:213.75,215.16 2 1
redditclone/pkg/handlers/post.go:215.16,219.3 3 0
redditclone/pkg/handlers/post.go:221.2,223.41 2 1
redditclone/pkg/handlers/post.go:223.41,226.3 2 0
redditclone/pkg/handlers/post.go:227.2,227.13 1 1
redditclone/pkg/handlers/post.go:230.90,232.30 2 1
redditclone/pkg/handlers/post.go:232.30,235.3 2 1
redditclone/pkg/handlers/post.go:236.2,237.13 2 1
redditclone/pkg/handlers/user.go:23.82,28.2 1 1
redditclone/pkg/handlers/user.go:30.68,32.43 2 1
redditclone/pkg/handlers/user.go:32.43,34.3 1 1
redditclone/pkg/handlers/user.go:36.2,37.16 2 1
redditclone/pkg/handlers/user.go:37.16,38.43 1 1
redditclone/pkg/handlers/user.go:38.43,42.4 3 1
redditclone/pkg/handlers/user.go:43.3,54.9 2 1
redditclone/pkg/handlers/user.go:56.2,56.64 1 1
redditclone/pkg/handlers/user.go:59.65,61.43 2 1
redditclone/pkg/handlers/user.go:61.43,63.3 1 1
redditclone/pkg/handlers/user.go:65.2,66.16 2 1
redditclone/pkg/handlers/user.go:66.16,68.38 2 1
redditclone/pkg/handlers/user.go:68.38,70.4 1 1
redditclone/pkg/handlers/user.go:70.9,72.4 1 1
redditclone/pkg/handlers/user.go:73.3,73.82 1 1
redditclone/pkg/handlers/user.go:74.8,76.3 1 1
redditclone/pkg/handlers/user.go:79.75,80.56 1 1
redditclone/pkg/handlers/user.go:80.56,83.3 2 1
redditclone/pkg/handlers/user.go:85.2,87.60 2 1
redditclone/pkg/handlers/user.go:87.60,90.3 2 1
redditclone/pkg/handlers/user.go:92.2,92.13 1 1
redditclone/pkg/handlers/user.go:95.104,106.16 4 1
redditclone/pkg/handlers/user.go:106.16,110.3 3 0
redditclone/pkg/handlers/user.go:112.2,112.89 1 1
redditclone/pkg/handlers/user.go:112.89,114.3 1 1
redditclone/pkg/handlers/user.go:117.98,122.16 4 1
redditclone/pkg/handlers/user.go:122.16,126.3 3 0
redditclone/pkg/handlers/user.go:128.2,128.41 1 1
redditclone/pkg/handlers/user.go:128.41,132.3 3 0
redditclone/pkg/handlers/user.go:134.2,134.13 1 1
redditclone/pkg/session/manager.go:12.56,14.2 1 0
redditclone/pkg/session/manager.go:16.84,23.2 2 0
redditclone/pkg/session/manager.go:25.65,34.2 3 0
redditclone/pkg/session/manager.go:36.60,41.2 2 0
redditclone/pkg/post/mocks/RepoPost.go:17.89,20.19 2 0
redditclone/pkg/post/mocks/RepoPost.go:20.19,21.52 1 0
redditclone/pkg/post/mocks/RepoPost.go:24.2,26.79 3 0
redditclone/pkg/post/mocks/RepoPost.go:26.79,28.3 1 0
redditclone/pkg/post/mocks/RepoPost.go:29.2,29.70 1 0
redditclone/pkg/post/mocks/RepoPost.go:29.70,31.3 1 0
redditclone/pkg/post/mocks/RepoPost.go:31.8,32.24 1 0
redditclone/pkg/post/mocks/RepoPost.go:32.24,34.4 1 0
redditclone/pkg/post/mocks/RepoPost.go:37.2,37.65 1 0
redditclone/pkg/post/mocks/RepoPost.go:37.65,39.3 1 0
redditclone/pkg/post/mocks/RepoPost.go:39.8,41.3 1 0
redditclone/pkg/post/mocks/RepoPost.go:43.2,43.15 1 0
redditclone/pkg/post/mocks/RepoPost.go:47.82,50.19 2 0
redditclone/pkg/post/mocks/RepoPost.go:50.19,51.49 1 0
redditclone/pkg/post/mocks/RepoPost.go:54.2,56.78 3 0
redditclone/pkg/post/mocks/RepoPost.go:56.78,58.3 1 0
redditclone/pkg/post/mocks/RepoPost.go:59.2,59.69 1 0
redditclone/pkg/post/mocks/RepoPost.go:59.69,61.3 1 0
redditclone/pkg/post/mocks/RepoPost.go:61.8,62.24 1 0
redditclone/pkg/post/mocks/RepoPost.go:62.24,64.4 1 0
redditclone/pkg/post/mocks/RepoPost.go:67.2,67.64 1 0
redditclone/pkg/post/mocks/RepoPost.go:67.64,69.3 1 0
redditclone/pkg/post/mocks/RepoPost.go:69.8,71.3 1 0
redditclone/pkg/post/mocks/RepoPost.go:73.2,73.15 1 0
redditclone/pkg/post/mocks/RepoPost.go:77.80,80.19 2 0
redditclone/pkg/post/mocks/RepoPost.go:80.19,81.52 1 0
redditclone/pkg/post/mocks/RepoPost.go:84.2,86.73 3 0
redditclone/pkg/post/mocks/RepoPost.go:86.73,88.3 1 0
redditclone/pkg/post/mocks/RepoPost.go:89.2,89.64 1 0
redditclone/pkg/post/mocks/RepoPost.go:89.64,91.3 1 0
redditclone/pkg/post/mocks/RepoPost.go:91.8,92.24 1 0
redditclone/pkg/post/mocks/RepoPost.go:92.24,94.4 1 0
redditclone/pkg/post/mocks/RepoPost.go:97.2,97.59 1 0
redditclone/pkg/post/mocks/RepoPost.go:97.59,99.3 1 0
redditclone/pkg/post/mocks/RepoPost.go:99.8,101.3 1 0
redditclone/pkg/post/mocks/RepoPost.go:103.2,103.15 1 0
redditclone/pkg/post/mocks/RepoPost.go:107.50,110.19 2 0
redditclone/pkg/post/mocks/RepoPost.go:110.19,111.48 1 0
redditclone/pkg/post/mocks/RepoPost.go:114.2,115.55 2 0
redditclone/pkg/post/mocks/RepoPost.go:115.55,117.3 1 0
redditclone/pkg/post/mocks/RepoPost.go:117.8,119.3 1 0
redditclone/pkg/post/mocks/RepoPost.go:121.2,121.11 1 0
redditclone/pkg/post/mocks/RepoPost.go:125.49,128.19 2 0
redditclone/pkg/post/mocks/RepoPost.go:128.19,129.48 1 0
redditclone/pkg/post/mocks/RepoPost.go:132.2,133.51 2 0
redditclone/pkg/post/mocks/RepoPost.go:133.51,135.3 1 0
redditclone/pkg/post/mocks/RepoPost.go:135.8,137.3 1 0
redditclone/pkg/post/mocks/RepoPost.go:139.2,139.11 1 0
redditclone/pkg/post/mocks/RepoPost.go:143.43,146.19 2 0
redditclone/pkg/post/mocks/RepoPost.go:146.19,147.48 1 0
redditclone/pkg/post/mocks/RepoPost.go:150.2,151.52 2 0
redditclone/pkg/post/mocks/RepoPost.go:151.52,153.3 1 0
redditclone/pkg/post/mocks/RepoPost.go:153.8,154.24 1 0
redditclone/pkg/post/mocks/RepoPost.go:154.24,156.4 1 0
redditclone/pkg/post/mocks/RepoPost.go:159.2,159.11 1 0
redditclone/pkg/post/mocks/RepoPost.go:163.65,166.19 2 0
redditclone/pkg/post/mocks/RepoPost.go:166.19,167.55 1 0
redditclone/pkg/post/mocks/RepoPost.go:170.2,171.58 2 0
redditclone/pkg/post/mocks/RepoPost.go:171.58,173.3 1 0
redditclone/pkg/post/mocks/RepoPost.go:173.8,174.24 1 0
redditclone/pkg/post/mocks/RepoPost.go:174.24,176.4 1 0
redditclone/pkg/post/mocks/RepoPost.go:179.2,179.11 1 0
redditclone/pkg/post/mocks/RepoPost.go:183.60,186.19 2 0
redditclone/pkg/post/mocks/RepoPost.go:186.19,187.49 1 0
redditclone/pkg/post/mocks/RepoPost.go:190.2,192.65 3 0
redditclone/pkg/post/mocks/RepoPost.go:192.65,194.3 1 0
redditclone/pkg/post/mocks/RepoPost.go:195.2,195.56 1 0
redditclone/pkg/post/mocks/RepoPost.go:195.56,197.3 1 0
redditclone/pkg/post/mocks/RepoPost.go:197.8,198.24 1 0
redditclone/pkg/post/mocks/RepoPost.go:198.24,200.4 1 0
redditclone/pkg/post/mocks/RepoPost.go:203.2,203.51 1 0
redditclone/pkg/post/mocks/RepoPost.go:203.51,205.3 1 0
redditclone/pkg/post/mocks/RepoPost.go:205.8,207.3 1 0
redditclone/pkg/post/mocks/RepoPost.go:209.2,209.15 1 0
redditclone/pkg/post/mocks/RepoPost.go:213.61,216.19 2 0
redditclone/pkg/post/mocks/RepoPost.go:216.19,217.51 1 0
redditclone/pkg/post/mocks/RepoPost.go:220.2,221.58 2 0
redditclone/pkg/post/mocks/RepoPost.go:221.58,223.3 1 0
redditclone/pkg/post/mocks/RepoPost.go:223.8,224.24 1 0
redditclone/pkg/post/mocks/RepoPost.go:224.24,226.4 1 0
redditclone/pkg/post/mocks/RepoPost.go:229.2,229.11 1 0
redditclone/pkg/post/mocks/RepoPost.go:233.88,236.19 2 0
redditclone/pkg/post/mocks/RepoPost.go:236.19,237.55 1 0
redditclone/pkg/post/mocks/RepoPost.go:240.2,242.73 3 0
redditclone/pkg/post/mocks/RepoPost.go:242.73,244.3 1 0
redditclone/pkg/post/mocks/RepoPost.go:245.2,245.64 1 0
redditclone/pkg/post/mocks/RepoPost.go:245.64,247.3 1 0
redditclone/pkg/post/mocks/RepoPost.go:247.8,248.24 1 0
redditclone/pkg/post/mocks/RepoPost.go:248.24,250.4 1 0
redditclone/pkg/post/mocks/RepoPost.go:253.2,253.59 1 0
redditclone/pkg/post/mocks/RepoPost.go:253.59,255.3 1 0
redditclone/pkg/post/mocks/RepoPost.go:255.8,257.3 1 0
redditclone/pkg/post/mocks/RepoPost.go:259.2,259.15 1 0
redditclone/pkg/post/mocks/RepoPost.go:267.14,271.19 3 0
redditclone/pkg/post/mocks/RepoPost.go:271.19,271.49 1 0
redditclone/pkg/post/mocks/RepoPost.go:273.2,273.13 1 0
redditclone/pkg/post/mocks/ServicePost.go:22.55,24.2 1 0
redditclone/pkg/post/mocks/ServicePost.go:27.106,30.19 2 0
redditclone/pkg/post/mocks/ServicePost.go:30.19,31.52 1 0
redditclone/pkg/post/mocks/ServicePost.go:34.2,36.89 3 0
redditclone/pkg/post/mocks/ServicePost.go:36.89,38.3 1 0
redditclone/pkg/post/mocks/ServicePost.go:39.2,39.80 1 0
redditclone/pkg/post/mocks/ServicePost.go:39.80,41.3 1 0
redditclone/pkg/post/mocks/ServicePost.go:41.8,42.24 1 0
redditclone/pkg/post/mocks/ServicePost.go:42.24,44.4 1 0
redditclone/pkg/post/mocks/ServicePost.go:47.2,47.75 1 0
redditclone/pkg/post/mocks/ServicePost.go:47.75,49.3 1 0
redditclone/pkg/post/mocks/ServicePost.go:49.8,51.3 1 0
redditclone/pkg/post/mocks/ServicePost.go:53.2,53.15 1 0
redditclone/pkg/post/mocks/ServicePost.go:65.131,67.2 1 0
redditclone/pkg/post/mocks/ServicePost.go:69.134,70.40 1 0
redditclone/pkg/post/mocks/ServicePost.go:70.40,72.3 1 0
redditclone/pkg/post/mocks/ServicePost.go:73.2,73.11 1 0
redditclone/pkg/post/mocks/ServicePost.go:76.103,79.2 2 0
redditclone/pkg/post/mocks/ServicePost.go:81.144,84.2 2 0
redditclone/pkg/post/mocks/ServicePost.go:87.99,90.19 2 0
redditclone/pkg/post/mocks/ServicePost.go:90.19,91.49 1 0
redditclone/pkg/post/mocks/ServicePost.go:94.2,96.81 3 0
redditclone/pkg/post/mocks/ServicePost.go:96.81,98.3 1 0
redditclone/pkg/post/mocks/ServicePost.go:99.2,99.72 1 0
redditclone/pkg/post/mocks/ServicePost.go:99.72,101.3 1 0
redditclone/pkg/post/mocks/ServicePost.go:101.8,102.24 1 0
redditclone/pkg/post/mocks/ServicePost.go:102.24,104.4 1 0
redditclone/pkg/post/mocks/ServicePost.go:107.2,107.67 1 0
redditclone/pkg/post/mocks/ServicePost.go:107.67,109.3 1 0
redditclone/pkg/post/mocks/ServicePost.go:109.8,111.3 1 0
redditclone/pkg/post/mocks/ServicePost.go:113.2,113.15 1 0
redditclone/pkg/post/mocks/ServicePost.go:125.129,127.2 1 0
redditclone/pkg/post/mocks/ServicePost.go:129.124,130.40 1 0
redditclone/pkg/post/mocks/ServicePost.go:130.40,132.3 1 0
redditclone/pkg/post/mocks/ServicePost.go:133.2,133.11 1 0
redditclone/pkg/post/mocks/ServicePost.go:136.97,139.2 2 0
redditclone/pkg/post/mocks/ServicePost.go:141.130,144.2 2 0
redditclone/pkg/post/mocks/ServicePost.go:147.99,150.19 2 0
redditclone/pkg/post/mocks/ServicePost.go:150.19,151.52 1 0
redditclone/pkg/post/mocks/ServicePost.go:154.2,156.85 3 0
redditclone/pkg/post/mocks/ServicePost.go:156.85,158.3 1 0
redditclone/pkg/post/mocks/ServicePost.go:159.2,159.76 1 0
redditclone/pkg/post/mocks/ServicePost.go:159.76,161.3 1 0
redditclone/pkg/post/mocks/ServicePost.go:161.8,162.24 1 0
redditclone/pkg/post/mocks/ServicePost.go:162.24,164.4 1 0
redditclone/pkg/post/mocks/ServicePost.go:167.2,167.71 1 0
redditclone/pkg/post/mocks/ServicePost.go:167.71,169.3 1 0
redditclone/pkg/post/mocks/ServicePost.go:169.8,171.3 1 0
redditclone/pkg/post/mocks/ServicePost.go:173.2,173.15 1 0
redditclone/pkg/post/mocks/ServicePost.go:185.128,187.2 1 0
redditclone/pkg/post/mocks/ServicePost.go:189.127,190.40 1 0
redditclone/pkg/post/mocks/ServicePost.go:190.40,192.3 1 0
redditclone/pkg/post/mocks/ServicePost.go:193.2,193.11 1 0
redditclone/pkg/post/mocks/ServicePost.go:196.103,199.2 2 0
redditclone/pkg/post/mocks/ServicePost.go:201.140,204.2 2 0
redditclone/pkg/post/mocks/ServicePost.go:207.52,210.19 2 0
redditclone/pkg/post/mocks/ServicePost.go:210.19,211.48 1 0
redditclone/pkg/post/mocks/ServicePost.go:214.2,215.51 2 0
redditclone/pkg/post/mocks/ServicePost.go:215.51,217.3 1 0
redditclone/pkg/post/mocks/ServicePost.go:217.8,219.3 1 0
redditclone/pkg/post/mocks/ServicePost.go:221.2,221.11 1 0
redditclone/pkg/post/mocks/ServicePost.go:231.85,233.2 1 0
redditclone/pkg/post/mocks/ServicePost.go:235.90,236.40 1 0
redditclone/pkg/post/mocks/ServicePost.go:236.40,238.3 1 0
redditclone/pkg/post/mocks/ServicePost.go:239.2,239.11 1 0
redditclone/pkg/post/mocks/ServicePost.go:242.79,245.2 2 0
redditclone/pkg/post/mocks/ServicePost.go:247.98,250.2 2 0
redditclone/pkg/post/mocks/ServicePost.go:253.46,256.19 2 0
redditclone/pkg/post/mocks/ServicePost.go:256.19,257.48 1 0
redditclone/pkg/post/mocks/ServicePost.go:260.2,261.52 2 0
redditclone/pkg/post/mocks/ServicePost.go:261.52,263.3 1 0
redditclone/pkg/post/mocks/ServicePost.go:263.8,264.24 1 0
redditclone/pkg/post/mocks/ServicePost.go:264.24,266.4 1 0
redditclone/pkg/post/mocks/ServicePost.go:269.2,269.11 1 0
redditclone/pkg/post/mocks/ServicePost.go:278.67,280.2 1 0
redditclone/pkg/post/mocks/ServicePost.go:282.77,283.40 1 0
redditclone/pkg/post/mocks/ServicePost.go:283.40,285.3 1 0
redditclone/pkg/post/mocks/ServicePost.go:286.2,286.11 1 0
redditclone/pkg/post/mocks/ServicePost.go:289.86,292.2 2 0
redditclone/pkg/post/mocks/ServicePost.go:294.99,297.2 2 0
redditclone/pkg/post/mocks/ServicePost.go:300.68,303.19 2 0
redditclone/pkg/post/mocks/ServicePost.go:303.19,304.55 1 0
redditclone/pkg/post/mocks/ServicePost.go:307.2,308.58 2 0
redditclone/pkg/post/mocks/ServicePost.go:308.58,310.3 1 0
redditclone/pkg/post/mocks/ServicePost.go:310.8,311.24 1 0
redditclone/pkg/post/mocks/ServicePost.go:311.24,313.4 1 0
redditclone/pkg/post/mocks/ServicePost.go:316.2,316.11 1 0
redditclone/pkg/post/mocks/ServicePost.go:326.101,328.2 1 0
redditclone/pkg/post/mocks/ServicePost.go:330.106,331.40 1 0
redditclone/pkg/post/mocks/ServicePost.go:331.40,333.3 1 0
redditclone/pkg/post/mocks/ServicePost.go:334.2,334.11 1 0
redditclone/pkg/post/mocks/ServicePost.go:337.100,340.2 2 0
redditclone/pkg/post/mocks/ServicePost.go:342.119,345.2 2 0
redditclone/pkg/post/mocks/ServicePost.go:348.63,351.19 2 0
redditclone/pkg/post/mocks/ServicePost.go:351.19,352.49 1 0
redditclone/pkg/post/mocks/ServicePost.go:355.2,357.65 3 0
redditclone/pkg/post/mocks/ServicePost.go:357.65,359.3 1 0
redditclone/pkg/post/mocks/ServicePost.go:360.2,360.56 1 0
redditclone/pkg/post/mocks/ServicePost.go:360.56,362.3 1 0
redditclone/pkg/post/mocks/ServicePost.go:362.8,363.24 1 0
redditclone/pkg/post/mocks/ServicePost.go:363.24,365.4 1 0
redditclone/pkg/post/mocks/ServicePost.go:368.2,368.51 1 0
redditclone/pkg/post/mocks/ServicePost.go:368.51,370.3 1 0
redditclone/pkg/post/mocks/ServicePost.go:370.8,372.3 1 0
redditclone/pkg/post/mocks/ServicePost.go:374.2,374.15 1 0
redditclone/pkg/post/mocks/ServicePost.go:384.83,386.2 1 0
redditclone/pkg/post/mocks/ServicePost.go:388.88,389.40 1 0
redditclone/pkg/post/mocks/ServicePost.go:389.40,391.3 1 0
redditclone/pkg/post/mocks/ServicePost.go:392.2,392.11 1 0
redditclone/pkg/post/mocks/ServicePost.go:395.97,398.2 2 0
redditclone/pkg/post/mocks/ServicePost.go:400.114,403.2 2 0
redditclone/pkg/post/mocks/ServicePost.go:406.64,409.19 2 0
redditclone/pkg/post/mocks/ServicePost.go:409.19,410.51 1 0
redditclone/pkg/post/mocks/ServicePost.go:413.2,414.58 2 0
redditclone/pkg/post/mocks/ServicePost.go:414.58,416.3 1 0
redditclone/pkg/post/mocks/ServicePost.go:416.8,417.24 1 0
redditclone/pkg/post/mocks/ServicePost.go:417.24,419.4 1 0
redditclone/pkg/post/mocks/ServicePost.go:422.2,422.11 1 0
redditclone/pkg/post/mocks/ServicePost.go:432.93,434.2 1 0
redditclone/pkg/post/mocks/ServicePost.go:436.98,437.40 1 0
redditclone/pkg/post/mocks/ServicePost.go:437.40,439.3 1 0
redditclone/pkg/post/mocks/ServicePost.go:440.2,440.11 1 0
redditclone/pkg/post/mocks/ServicePost.go:443.92,446.2 2 0
redditclone/pkg/post/mocks/ServicePost.go:448.111,451.2 2 0
redditclone/pkg/post/mocks/ServicePost.go:454.88,457.19 2 0
redditclone/pkg/post/mocks/ServicePost.go:457.19,458.55 1 0
redditclone/pkg/post/mocks/ServicePost.go:461.2,463.73 3 0
redditclone/pkg/post/mocks/ServicePost.go:463.73,465.3 1 0
redditclone/pkg/post/mocks/ServicePost.go:466.2,466.64 1 0
redditclone/pkg/post/mocks/ServicePost.go:466.64,468.3 1 0
redditclone/pkg/post/mocks/ServicePost.go:468.8,469.24 1 0
redditclone/pkg/post/mocks/ServicePost.go:469.24,471.4 1 0
redditclone/pkg/post/mocks/ServicePost.go:474.2,474.59 1 0
redditclone/pkg/post/mocks/ServicePost.go:474.59,476.3 1 0
redditclone/pkg/post/mocks/ServicePost.go:476.8,478.3 1 0
redditclone/pkg/post/mocks/ServicePost.go:480.2,480.15 1 0
redditclone/pkg/post/mocks/ServicePost.go:491.119,493.2 1 0
redditclone/pkg/post/mocks/ServicePost.go:495.119,496.40 1 0
redditclone/pkg/post/mocks/ServicePost.go:496.40,498.3 1 0
redditclone/pkg/post/mocks/ServicePost.go:499.2,499.11 1 0
redditclone/pkg/post/mocks/ServicePost.go:502.109,505.2 2 0
redditclone/pkg/post/mocks/ServicePost.go:507.134,510.2 2 0
redditclone/pkg/post/mocks/ServicePost.go:517.17,521.19 3 0
redditclone/pkg/post/mocks/ServicePost.go:521.19,521.49 1 0
redditclone/pkg/post/mocks/ServicePost.go:523.2,523.13 1 0
redditclone/pkg/post/repo.go:34.50,38.2 1 1
redditclone/pkg/post/repo.go:40.46,44.16 3 1
redditclone/pkg/post/repo.go:44.16,45.37 1 1
redditclone/pkg/post/repo.go:45.37,47.4 1 1
redditclone/pkg/post/repo.go:48.3,48.13 1 1
redditclone/pkg/post/repo.go:51.2,51.59 1 1
redditclone/pkg/post/repo.go:51.59,54.3 2 1
redditclone/pkg/post/repo.go:54.8,56.3 1 0
redditclone/pkg/post/repo.go:58.2,58.12 1 1
redditclone/pkg/post/repo.go:61.55,66.16 4 1
redditclone/pkg/post/repo.go:66.16,68.3 1 1
redditclone/pkg/post/repo.go:70.2,76.42 2 1
redditclone/pkg/post/repo.go:76.42,78.3 1 0
redditclone/pkg/post/repo.go:79.2,79.16 1 1
redditclone/pkg/post/repo.go:79.16,81.3 1 1
redditclone/pkg/post/repo.go:83.2,84.19 2 1
redditclone/pkg/post/repo.go:87.38,90.16 3 1
redditclone/pkg/post/repo.go:90.16,92.3 1 1
redditclone/pkg/post/repo.go:93.2,96.23 3 1
redditclone/pkg/post/repo.go:96.23,98.46 2 1
redditclone/pkg/post/repo.go:98.46,99.12 1 1
redditclone/pkg/post/repo.go:101.3,102.31 2 1
redditclone/pkg/post/repo.go:105.2,105.40 1 1
redditclone/pkg/post/repo.go:105.40,107.3 1 1
redditclone/pkg/post/repo.go:109.2,109.14 1 1
redditclone/pkg/post/repo.go:112.56,115.16 3 1
redditclone/pkg/post/repo.go:115.16,117.3 1 0
redditclone/pkg/post/repo.go:118.2,121.23 3 1
redditclone/pkg/post/repo.go:121.23,123.34 2 1
redditclone/pkg/post/repo.go:123.34,126.4 2 1
redditclone/pkg/post/repo.go:128.2,128.14 1 1
redditclone/pkg/post/repo.go:131.60,134.16 3 1
redditclone/pkg/post/repo.go:134.16,136.3 1 0
redditclone/pkg/post/repo.go:137.2,140.23 3 1
redditclone/pkg/post/repo.go:140.23,142.34 2 1
redditclone/pkg/post/repo.go:142.34,145.4 2 1
redditclone/pkg/post/repo.go:148.2,148.14 1 1
redditclone/pkg/post/repo.go:151.49,155.16 3 1
redditclone/pkg/post/repo.go:155.16,157.3 1 1
redditclone/pkg/post/repo.go:159.2,160.16 2 1
redditclone/pkg/post/repo.go:160.16,162.3 1 1
redditclone/pkg/post/repo.go:163.2,163.27 1 1
redditclone/pkg/post/repo.go:163.27,165.3 1 1
redditclone/pkg/post/repo.go:167.2,167.12 1 1
redditclone/pkg/post/repo.go:171.79,175.16 3 1
redditclone/pkg/post/repo.go:175.16,177.3 1 1
redditclone/pkg/post/repo.go:179.2,196.33 6 1
redditclone/pkg/post/repo.go:196.33,198.3 1 1
redditclone/pkg/post/repo.go:199.2,199.16 1 1
redditclone/pkg/post/repo.go:199.16,201.3 1 1
redditclone/pkg/post/repo.go:203.2,207.26 3 1
redditclone/pkg/post/repo.go:212.76,216.16 3 1
redditclone/pkg/post/repo.go:216.16,218.3 1 1
redditclone/pkg/post/repo.go:220.2,233.33 4 1
redditclone/pkg/post/repo.go:233.33,235.3 1 1
redditclone/pkg/post/repo.go:236.2,236.16 1 1
redditclone/pkg/post/repo.go:236.16,238.3 1 1
redditclone/pkg/post/repo.go:240.2,241.26 2 1
redditclone/pkg/post/repo.go:244.72,248.16 3 1
redditclone/pkg/post/repo.go:248.16,250.3 1 1
redditclone/pkg/post/repo.go:252.2,253.31 2 1
redditclone/pkg/post/repo.go:253.31,254.26 1 1
redditclone/pkg/post/repo.go:254.26,259.9 5 1
redditclone/pkg/post/repo.go:263.2,263.15 1 1
redditclone/pkg/post/repo.go:263.15,266.3 2 1
redditclone/pkg/post/repo.go:268.2,273.18 4 1
redditclone/pkg/post/repo.go:276.75,279.16 3 1
redditclone/pkg/post/repo.go:279.16,281.3 1 1
redditclone/pkg/post/repo.go:283.2,283.31 1 1
redditclone/pkg/post/repo.go:283.31,284.21 1 1
redditclone/pkg/post/repo.go:284.21,294.4 6 1
redditclone/pkg/post/repo.go:297.2,297.42 1 1
redditclone/pkg/post/repo.go:300.56,302.16 2 1
redditclone/pkg/post/repo.go:302.16,305.3 2 1
redditclone/pkg/post/repo.go:307.2,308.31 2 1
redditclone/pkg/post/repo.go:308.31,309.18 1 1
redditclone/pkg/post/repo.go:309.18,311.4 1 1
redditclone/pkg/post/repo.go:313.2,313.49 1 1
redditclone/pkg/post/service.go:27.47,29.2 1 1
redditclone/pkg/post/service.go:31.40,33.2 1 1
redditclone/pkg/post/service.go:35.84,46.46 7 1
redditclone/pkg/post/service.go:46.46,48.3 1 1
redditclone/pkg/post/service.go:50.2,50.20 1 1
redditclone/pkg/post/service.go:53.57,55.16 2 1
redditclone/pkg/post/service.go:55.16,57.3 1 1
redditclone/pkg/post/service.go:58.2,58.18 1 1
redditclone/pkg/post/service.go:61.96,72.16 3 1
redditclone/pkg/post/service.go:72.16,74.3 1 1
redditclone/pkg/post/service.go:75.2,75.18 1 1
redditclone/pkg/post/service.go:78.75,80.16 2 1
redditclone/pkg/post/service.go:80.16,82.3 1 1
redditclone/pkg/post/service.go:83.2,83.18 1 1
redditclone/pkg/post/service.go:86.51,87.46 1 1
redditclone/pkg/post/service.go:87.46,89.3 1 1
redditclone/pkg/post/service.go:90.2,90.12 1 1
redditclone/pkg/post/service.go:93.79,95.24 2 1
redditclone/pkg/post/service.go:95.24,97.3 1 1
redditclone/pkg/post/service.go:97.8,99.3 1 1
redditclone/pkg/post/service.go:101.2,103.24 3 1
redditclone/pkg/post/service.go:103.24,105.3 1 1
redditclone/pkg/post/service.go:105.8,113.3 1 1
redditclone/pkg/post/service.go:115.2,115.16 1 1
redditclone/pkg/post/service.go:115.16,117.3 1 1
redditclone/pkg/post/service.go:118.2,118.18 1 1
redditclone/pkg/post/service.go:121.58,123.2 1 1
redditclone/pkg/post/service.go:125.62,127.2 1 1
redditclone/pkg/user/repo.go:12.42,14.2 1 1
redditclone/pkg/user/repo.go:16.46,21.16 2 1
redditclone/pkg/user/repo.go:21.16,23.3 1 1
redditclone/pkg/user/repo.go:24.2,24.12 1 1
redditclone/pkg/user/repo.go:27.68,34.16 3 1
redditclone/pkg/user/repo.go:34.16,35.36 1 1
redditclone/pkg/user/repo.go:35.36,37.4 1 1
redditclone/pkg/user/repo.go:38.3,38.18 1 1
redditclone/pkg/user/repo.go:41.2,41.16 1 1
redditclone/pkg/user/service.go:21.71,23.2 1 1
redditclone/pkg/user/service.go:25.70,27.18 2 1
redditclone/pkg/user/service.go:27.18,29.3 1 1
redditclone/pkg/user/service.go:31.2,32.16 2 1
redditclone/pkg/user/service.go:32.16,34.3 1 0
redditclone/pkg/user/service.go:36.2,37.16 2 1
redditclone/pkg/user/service.go:37.16,39.3 1 0
redditclone/pkg/user/service.go:41.2,48.16 3 1
redditclone/pkg/user/service.go:48.16,50.3 1 0
redditclone/pkg/user/service.go:52.2,53.16 2 1
redditclone/pkg/user/service.go:53.16,55.3 1 0
redditclone/pkg/user/service.go:56.2,57.16 2 1
redditclone/pkg/user/service.go:57.16,59.3 1 0
redditclone/pkg/user/service.go:61.2,61.18 1 1
redditclone/pkg/user/service.go:64.67,66.16 2 1
redditclone/pkg/user/service.go:66.16,68.3 1 1
redditclone/pkg/user/service.go:70.2,71.16 2 1
redditclone/pkg/user/service.go:71.16,73.3 1 1
redditclone/pkg/user/service.go:75.2,76.16 2 1
redditclone/pkg/user/service.go:76.16,78.3 1 0
redditclone/pkg/user/service.go:79.2,80.16 2 1
redditclone/pkg/user/service.go:80.16,82.3 1 0
redditclone/pkg/user/service.go:84.2,84.18 1 1
